MPASM 5.86                  TUTO_PIC2022.ASM   12-11-2025  17:00:44         PAGE  1


LOC  OBJECT CODE     LINE SOURCE TEXT
  VALUE

                      00001 ;       Programme du tutorial TP FIP2
                      00002 ;       
                      00003 
                      00004 
                      00005         list p=16f877
Warning[205]: Found directive in column 1. (include)
                      00006 include "p16f877.inc"
                      00001         LIST
                      00002 
                      00003 ;==========================================================================
                      00004 ; Build date : Oct 24 2019
                      00005 ;  MPASM PIC16F877 processor include
                      00006 ; 
                      00007 ;  (c) Copyright 1999-2019 Microchip Technology, All rights reserved
                      00008 ;==========================================================================
                      00009 
                      00541         LIST
                      00007         
                      00008 ; CONFIG
                      00009 ; __config 0xFF39
2007   3F3A           00010  __CONFIG _FOSC_HS & _WDTE_OFF & _PWRTE_OFF & _CP_OFF & _BOREN_OFF & _LVP_OFF & _CPD_OFF & _WRT_ON
                      00011 
Warning[207]: Found label after column 1. (BCD1)
  00000071            00012         BCD1        equ 0x71
Warning[207]: Found label after column 1. (BCD01)
  00000072            00013         BCD01       equ 0x72
Warning[207]: Found label after column 1. (BCD_TEMP)
  00000074            00014         BCD_TEMP    equ 0x74
                      00015         
Warning[207]: Found label after column 1. (ADC_CON)
  00000075            00016         ADC_CON     equ 0x75
Warning[207]: Found label after column 1. (ADC_TEMP)
  00000076            00017         ADC_TEMP    equ 0x76
                      00018         
                      00019         org     0x00
                      00020 
                      00021         
                      00022                 ; configuration du port B&D en sortie (8LED)
                      00023 
0000   1683 1303      00024         banksel TRISB           ; port B en sortie
Message[302]: Register in operand not in bank 0.  Ensure that bank bits are correct.
0002   0186           00025         clrf    TRISB           
0003   1283 1303      00026         banksel PORTB           ;Clear PORTC
0005   0186           00027         clrf    PORTB   
                      00028         
0006   1683 1303      00029         banksel TRISD           ; port B en sortie
Message[302]: Register in operand not in bank 0.  Ensure that bank bits are correct.
0008   0188           00030         clrf    TRISD           
0009   1283 1303      00031         banksel PORTD           ;Clear PORTC
000B   0188           00032         clrf    PORTD
                      00033         
                      00034         ; configuration de l'ADC
                      00035         
MPASM 5.86                  TUTO_PIC2022.ASM   12-11-2025  17:00:44         PAGE  2


LOC  OBJECT CODE     LINE SOURCE TEXT
  VALUE

000C   1683 1303      00036         banksel ADCON1
000E   300E           00037         movlw   B'00001110'     ;Left justify,1 analog channel
Message[302]: Register in operand not in bank 0.  Ensure that bank bits are correct.
000F   009F           00038         movwf   ADCON1          ;VDD and VSS references
                      00039 
0010   1283 1303      00040         banksel ADCON0  
0012   3041           00041         movlw   B'01000001'     ;Fosc/8, A/D enabled
0013   009F           00042         movwf   ADCON0
                      00043         
                      00044         ; USART CONFIG
                      00045         
                      00046         ;---CONFIGURE TXSTA
                      00047         ;
                      00048         ;7- CSRC        0
                      00049         ;6- TX9         0
                      00050         ;5- TXEN        1
                      00051         ;4- SYNC        0
                      00052         ;3- NOT USED    0
                      00053         ;2- BRGH        1
                      00054         ;1- TRMT        0
                      00055         ;0- TX9D        0
0014   1683 1303      00056         banksel TXSTA
0016   3024           00057         MOVLW   B'00100100' 
Message[302]: Register in operand not in bank 0.  Ensure that bank bits are correct.
0017   0098           00058         MOVWF   TXSTA
                      00059 
                      00060         ;---CONFIGURE RCSTA
                      00061         ;
                      00062         ;7- SPEN        1
                      00063         ;6- RX9         0
                      00064         ;5- SREN        0
                      00065         ;4- CREN        0
                      00066         ;3- ADDEN       0
                      00067         ;2- FERR        0
                      00068         ;1- OERR        0
                      00069         ;1- RX9D        0
0018   1283 1303      00070         banksel RCSTA
001A   3080           00071         MOVLW   B'10000000' ;ENABLE SERIAL PORT
001B   0098           00072         MOVWF   RCSTA ;RECEIVE STATUS REG
                      00073         
                      00074         ;---CONFIGURE SPBRG FOR DESIRED BAUD RATE
001C   1683 1303      00075         banksel SPBRG
001E   3032           00076         MOVLW   D'50' ;WE WILL USE 9600bps 
Message[302]: Register in operand not in bank 0.  Ensure that bank bits are correct.
001F   0099           00077         MOVWF   SPBRG ;BAUD AT 8MHZ
                      00078         
                      00079         
                      00080         
                      00081         
                      00082         
                      00083         
                      00084         ; ---main()
0020   2???           00085 loop    call    ADC
MPASM 5.86                  TUTO_PIC2022.ASM   12-11-2025  17:00:44         PAGE  3


LOC  OBJECT CODE     LINE SOURCE TEXT
  VALUE

0021   2???           00086         call    BCD
0022   1283 1303      00087         banksel TXREG
0024   0871           00088         movfw   BCD1
0025   2???           00089         call    UART_TX
                      00090         ;movfw  BCD01
                      00091         ;call   UART_TX
0026   2???           00092         goto    loop
                      00093         
0027                  00094 ADC:        ; wait unitil ADC convertion is done 
0027   01F2           00095         clrf    BCD01
0028   01F1           00096         clrf    BCD1
0029   01F4           00097         clrf    BCD_TEMP
002A   01F6           00098         clrf    ADC_TEMP
002B   1283 1303      00099         banksel ADCON0
002D   151F           00100 start   bsf     ADCON0,GO       ; demarrage de la conversion
002E   191F           00101 non     BTFSC   ADCON0,GO       ; attendre la fin de conversion
002F   2???           00102         goto    non
0030   0E1E           00103 oui     swapf   ADRESH,W        ; quel est le role de cette instruction ???
0031   0086           00104         movwf   PORTB           ; ecriture sur le port B (affichage sur les LEDs
0032   0E06           00105         swapf   PORTB, W
0033   0088           00106         movwf   PORTD
0034   00F5           00107         movwf   ADC_CON
0035   0008           00108         return                  ; boucler sur la procedure de lecture
                      00109         
                      00110     
0036                  00111 DELAY:                  ;PAS Utilisé
0036   30FF           00112         MOVLW   0xFF
0037   008E           00113         MOVWF   TMR1
                      00114         
0038   30FF           00115 D1      MOVLW   0xFF
0039   0081           00116         MOVWF   TMR0
                      00117         
Message[305]: Using default destination of 1 (file).
003A   0B81           00118 D0      DECFSZ  TMR0
003B   2???           00119         goto    D0
                      00120         
Message[305]: Using default destination of 1 (file).
003C   0B8E           00121         DECFSZ  TMR1
003D   2???           00122         goto    D1      
                      00123         
003E   0008           00124         return
                      00125         
                      00126         
003F                  00127 UART_TX:        ; wait for transmit standby
Message[302]: Register in operand not in bank 0.  Ensure that bank bits are correct.
003F   1898           00128 wait    BTFSC   TXSTA, TRMT
0040   2???           00129         goto wait
0041   0099           00130         MOVWF   TXREG
                      00131         
0042   0008           00132         return
                      00133         
0043   0000           00134 BCD:nop ;unité BCD
0044   0875           00135         MOVFW   ADC_CON
MPASM 5.86                  TUTO_PIC2022.ASM   12-11-2025  17:00:44         PAGE  4


LOC  OBJECT CODE     LINE SOURCE TEXT
  VALUE

0045   00F6           00136         MOVWF   ADC_TEMP
0046                  00137 ret
0046   3005           00138         movlw   d'5'
Message[305]: Using default destination of 1 (file).
0047   02F6           00139         subwf   ADC_TEMP
0048   1803           00140         btfsc   STATUS, C
0049   2???           00141         goto    dec_pp
004A   0871           00142         movfw   BCD1
004B   3E1E           00143         addlw   d'30'
004C   00F1           00144         movwf   BCD1
                      00145         
004D   0872           00146         movfw   BCD01
004E   3E1E           00147         addlw   d'30'
004F   00F2           00148         movwf   BCD01
0050   0008           00149         return
                      00150         
                      00151 
Message[305]: Using default destination of 1 (file).
0051   0AF1           00152 unit_pp incf    BCD1
0052   01F2           00153         clrf    BCD01
                      00154         
                      00155     
                      00156 
Message[305]: Using default destination of 1 (file).
0053   0AF2           00157 dec_pp  incf    BCD01
0054   0872           00158         movfw   BCD01
0055   00F4           00159         movwf   BCD_TEMP
0056   300A           00160         movlw   D'10'
Message[305]: Using default destination of 1 (file).
0057   02F4           00161         subwf   BCD_TEMP
0058   1903           00162         btfsc   STATUS, Z
0059   2???           00163         goto    unit_pp
005A   2???           00164         goto    ret
                      00165         
                      00166 
Warning[205]: Found directive in column 1. (end)
3F3A                  00167 end
MPASM 5.86                  TUTO_PIC2022.ASM   12-11-2025  17:00:44         PAGE  5


SYMBOL TABLE
  LABEL                             VALUE 

ACKDT                             00000005
ACKEN                             00000004
ACKSTAT                           00000006
ADC                               00000027
ADCON0                            0000001F
ADCON1                            0000009F
ADCS0                             00000006
ADCS1                             00000007
ADC_CON                           00000075
ADC_TEMP                          00000076
ADDEN                             00000003
ADFM                              00000007
ADIE                              00000006
ADIF                              00000006
ADON                              00000000
ADRESH                            0000001E
ADRESL                            0000009E
BCD                               00000043
BCD01                             00000072
BCD1                              00000071
BCD_TEMP                          00000074
BCLIE                             00000003
BCLIF                             00000003
BF                                00000000
BRGH                              00000002
C                                 00000000
CCP1CON                           00000017
CCP1IE                            00000002
CCP1IF                            00000002
CCP1M0                            00000000
CCP1M1                            00000001
CCP1M2                            00000002
CCP1M3                            00000003
CCP1X                             00000005
CCP1Y                             00000004
CCP2CON                           0000001D
CCP2IE                            00000000
CCP2IF                            00000000
CCP2M0                            00000000
CCP2M1                            00000001
CCP2M2                            00000002
CCP2M3                            00000003
CCP2X                             00000005
CCP2Y                             00000004
CCPR1                             00000015
CCPR1H                            00000016
CCPR1L                            00000015
CCPR2                             0000001B
CCPR2H                            0000001C
CCPR2L                            0000001B
CHS0                              00000003
CHS1                              00000004
CHS2                              00000005
MPASM 5.86                  TUTO_PIC2022.ASM   12-11-2025  17:00:44         PAGE  6


SYMBOL TABLE
  LABEL                             VALUE 

CKE                               00000006
CKP                               00000004
CREN                              00000004
CSRC                              00000007
D                                 00000005
D0                                0000003A
D1                                00000038
DATA_ADDRESS                      00000005
DC                                00000001
DELAY                             00000036
D_A                               00000005
D_NOT_A                           00000005
EEADR                             0000010D
EEADRH                            0000010F
EECON1                            0000018C
EECON2                            0000018D
EEDATA                            0000010C
EEDATH                            0000010E
EEIE                              00000004
EEIF                              00000004
EEPGD                             00000007
F                                 00000001
FERR                              00000002
FSR                               00000004
GCEN                              00000007
GIE                               00000007
GO                                00000002
GO_DONE                           00000002
GO_NOT_DONE                       00000002
I2C_DATA                          00000005
I2C_READ                          00000002
I2C_START                         00000003
I2C_STOP                          00000004
IBF                               00000007
IBOV                              00000005
INDF                              00000000
INTCON                            0000000B
INTE                              00000004
INTEDG                            00000006
INTF                              00000001
IRP                               00000007
NOT_A                             00000005
NOT_ADDRESS                       00000005
NOT_BO                            00000000
NOT_BOR                           00000000
NOT_DONE                          00000002
NOT_PD                            00000003
NOT_POR                           00000001
NOT_RBPU                          00000007
NOT_RC8                           00000006
NOT_T1SYNC                        00000002
NOT_TO                            00000004
NOT_TX8                           00000006
MPASM 5.86                  TUTO_PIC2022.ASM   12-11-2025  17:00:44         PAGE  7


SYMBOL TABLE
  LABEL                             VALUE 

NOT_W                             00000002
NOT_WRITE                         00000002
OBF                               00000006
OERR                              00000001
OPTION_REG                        00000081
P                                 00000004
PCFG0                             00000000
PCFG1                             00000001
PCFG2                             00000002
PCFG3                             00000003
PCL                               00000002
PCLATH                            0000000A
PCON                              0000008E
PEIE                              00000006
PEN                               00000002
PIE1                              0000008C
PIE2                              0000008D
PIR1                              0000000C
PIR2                              0000000D
PORTA                             00000005
PORTB                             00000006
PORTC                             00000007
PORTD                             00000008
PORTE                             00000009
PR2                               00000092
PS0                               00000000
PS1                               00000001
PS2                               00000002
PSA                               00000003
PSPIE                             00000007
PSPIF                             00000007
PSPMODE                           00000004
R                                 00000002
RA0                               00000000
RA1                               00000001
RA2                               00000002
RA3                               00000003
RA4                               00000004
RA5                               00000005
RB0                               00000000
RB1                               00000001
RB2                               00000002
RB3                               00000003
RB4                               00000004
RB5                               00000005
RB6                               00000006
RB7                               00000007
RBIE                              00000003
RBIF                              00000000
RC0                               00000000
RC1                               00000001
RC2                               00000002
RC3                               00000003
MPASM 5.86                  TUTO_PIC2022.ASM   12-11-2025  17:00:44         PAGE  8


SYMBOL TABLE
  LABEL                             VALUE 

RC4                               00000004
RC5                               00000005
RC6                               00000006
RC7                               00000007
RC8_9                             00000006
RC9                               00000006
RCD8                              00000000
RCEN                              00000003
RCIE                              00000005
RCIF                              00000005
RCREG                             0000001A
RCSTA                             00000018
RD                                00000000
RD0                               00000000
RD1                               00000001
RD2                               00000002
RD3                               00000003
RD4                               00000004
RD5                               00000005
RD6                               00000006
RD7                               00000007
RE0                               00000000
RE1                               00000001
RE2                               00000002
READ_WRITE                        00000002
RP0                               00000005
RP1                               00000006
RSEN                              00000001
RX9                               00000006
RX9D                              00000000
R_NOT_W                           00000002
R_W                               00000002
S                                 00000003
SEN                               00000000
SMP                               00000007
SPBRG                             00000099
SPEN                              00000007
SREN                              00000005
SSPADD                            00000093
SSPBUF                            00000013
SSPCON                            00000014
SSPCON2                           00000091
SSPEN                             00000005
SSPIE                             00000003
SSPIF                             00000003
SSPM0                             00000000
SSPM1                             00000001
SSPM2                             00000002
SSPM3                             00000003
SSPOV                             00000006
SSPSTAT                           00000094
STATUS                            00000003
SYNC                              00000004
MPASM 5.86                  TUTO_PIC2022.ASM   12-11-2025  17:00:44         PAGE  9


SYMBOL TABLE
  LABEL                             VALUE 

T0CS                              00000005
T0IE                              00000005
T0IF                              00000002
T0SE                              00000004
T1CKPS0                           00000004
T1CKPS1                           00000005
T1CON                             00000010
T1INSYNC                          00000002
T1OSCEN                           00000003
T1SYNC                            00000002
T2CKPS0                           00000000
T2CKPS1                           00000001
T2CON                             00000012
TMR0                              00000001
TMR0IE                            00000005
TMR0IF                            00000002
TMR1                              0000000E
TMR1CS                            00000001
TMR1H                             0000000F
TMR1IE                            00000000
TMR1IF                            00000000
TMR1L                             0000000E
TMR1ON                            00000000
TMR2                              00000011
TMR2IE                            00000001
TMR2IF                            00000001
TMR2ON                            00000002
TOUTPS0                           00000003
TOUTPS1                           00000004
TOUTPS2                           00000005
TOUTPS3                           00000006
TRISA                             00000085
TRISA0                            00000000
TRISA1                            00000001
TRISA2                            00000002
TRISA3                            00000003
TRISA4                            00000004
TRISA5                            00000005
TRISB                             00000086
TRISB0                            00000000
TRISB1                            00000001
TRISB2                            00000002
TRISB3                            00000003
TRISB4                            00000004
TRISB5                            00000005
TRISB6                            00000006
TRISB7                            00000007
TRISC                             00000087
TRISC0                            00000000
TRISC1                            00000001
TRISC2                            00000002
TRISC3                            00000003
TRISC4                            00000004
MPASM 5.86                  TUTO_PIC2022.ASM   12-11-2025  17:00:44         PAGE 10


SYMBOL TABLE
  LABEL                             VALUE 

TRISC5                            00000005
TRISC6                            00000006
TRISC7                            00000007
TRISD                             00000088
TRISD0                            00000000
TRISD1                            00000001
TRISD2                            00000002
TRISD3                            00000003
TRISD4                            00000004
TRISD5                            00000005
TRISD6                            00000006
TRISD7                            00000007
TRISE                             00000089
TRISE0                            00000000
TRISE1                            00000001
TRISE2                            00000002
TRMT                              00000001
TX8_9                             00000006
TX9                               00000006
TX9D                              00000000
TXD8                              00000000
TXEN                              00000005
TXIE                              00000004
TXIF                              00000004
TXREG                             00000019
TXSTA                             00000098
UA                                00000001
UART_TX                           0000003F
W                                 00000000
WCOL                              00000007
WR                                00000001
WREN                              00000002
WRERR                             00000003
Z                                 00000002
_BODEN_OFF                        00003FBF
_BODEN_ON                         00003FFF
_BOREN_OFF                        00003FBF
_BOREN_ON                         00003FFF
_CONFIG                           00002007
_CPD_OFF                          00003FFF
_CPD_ON                           00003EFF
_CP_ALL                           00000FCF
_CP_HALF                          00001FDF
_CP_OFF                           00003FFF
_CP_UPPER_256                     00002FEF
_DEBUG_OFF                        00003FFF
_DEBUG_ON                         000037FF
_DEVID1                           00002006
_FOSC_EXTRC                       00003FFF
_FOSC_HS                          00003FFE
_FOSC_LP                          00003FFC
_FOSC_XT                          00003FFD
_HS_OSC                           00003FFE
MPASM 5.86                  TUTO_PIC2022.ASM   12-11-2025  17:00:44         PAGE 11


SYMBOL TABLE
  LABEL                             VALUE 

_IDLOC0                           00002000
_IDLOC1                           00002001
_IDLOC2                           00002002
_IDLOC3                           00002003
_LP_OSC                           00003FFC
_LVP_OFF                          00003F7F
_LVP_ON                           00003FFF
_PWRTE_OFF                        00003FFF
_PWRTE_ON                         00003FF7
_RC_OSC                           00003FFF
_WDTE_OFF                         00003FFB
_WDTE_ON                          00003FFF
_WDT_OFF                          00003FFB
_WDT_ON                           00003FFF
_WRT_ENABLE_OFF                   00003DFF
_WRT_ENABLE_ON                    00003FFF
_WRT_OFF                          00003DFF
_WRT_ON                           00003FFF
_XT_OSC                           00003FFD
__16F877                          00000001
__DEBUG                           
__MPLAB_DEBUGGER_ICD3             1
dec_pp                            00000053
loop                              00000020
non                               0000002E
oui                               00000030
ret                               00000046
start                             0000002D
unit_pp                           00000051
wait                              0000003F

Errors   :     0
Warnings :     7 reported,     0 suppressed
Messages :    12 reported,     0 suppressed

