Warning[205] U:\TPPIC\TP1.X\ADC_UART.ASM 6 : Found directive in column 1. (include)
Warning[207] U:\TPPIC\TP1.X\ADC_UART.ASM 53 : Found label after column 1. (BCD1)
Warning[207] U:\TPPIC\TP1.X\ADC_UART.ASM 54 : Found label after column 1. (BCD01)
Warning[207] U:\TPPIC\TP1.X\ADC_UART.ASM 55 : Found label after column 1. (BCD_TEMP)
Warning[207] U:\TPPIC\TP1.X\ADC_UART.ASM 57 : Found label after column 1. (ADC_CON)
Warning[207] U:\TPPIC\TP1.X\ADC_UART.ASM 58 : Found label after column 1. (ADC_TEMP)
Warning[207] U:\TPPIC\TP1.X\ADC_UART.ASM 60 : Found label after column 1. (UART_TX_EN)
Warning[207] U:\TPPIC\TP1.X\ADC_UART.ASM 61 : Found label after column 1. (UART_RX_EN)
Warning[207] U:\TPPIC\TP1.X\ADC_UART.ASM 62 : Found label after column 1. (UART_MODE)
Warning[207] U:\TPPIC\TP1.X\ADC_UART.ASM 63 : Found label after column 1. (UART_RX_BUF)
Warning[207] U:\TPPIC\TP1.X\ADC_UART.ASM 64 : Found label after column 1. (UART_RX_TMP)
Warning[207] U:\TPPIC\TP1.X\ADC_UART.ASM 66 : Found label after column 1. (ctx_w)
Warning[207] U:\TPPIC\TP1.X\ADC_UART.ASM 67 : Found label after column 1. (ctx_status)
Message[302] U:\TPPIC\TP1.X\ADC_UART.ASM 71 : Register in operand not in bank 0.  Ensure that bank bits are correct.
Message[302] U:\TPPIC\TP1.X\ADC_UART.ASM 76 : Register in operand not in bank 0.  Ensure that bank bits are correct.
Message[302] U:\TPPIC\TP1.X\ADC_UART.ASM 84 : Register in operand not in bank 0.  Ensure that bank bits are correct.
Message[302] U:\TPPIC\TP1.X\ADC_UART.ASM 104 : Register in operand not in bank 0.  Ensure that bank bits are correct.
Message[302] U:\TPPIC\TP1.X\ADC_UART.ASM 123 : Register in operand not in bank 0.  Ensure that bank bits are correct.
Message[302] U:\TPPIC\TP1.X\ADC_UART.ASM 137 : Register in operand not in bank 0.  Ensure that bank bits are correct.
Message[305] U:\TPPIC\TP1.X\ADC_UART.ASM 175 : Using default destination of 1 (file).
Message[305] U:\TPPIC\TP1.X\ADC_UART.ASM 178 : Using default destination of 1 (file).
Message[305] U:\TPPIC\TP1.X\ADC_UART.ASM 199 : Using default destination of 1 (file).
Message[305] U:\TPPIC\TP1.X\ADC_UART.ASM 209 : Using default destination of 1 (file).
Message[305] U:\TPPIC\TP1.X\ADC_UART.ASM 221 : Using default destination of 1 (file).
Message[305] U:\TPPIC\TP1.X\ADC_UART.ASM 257 : Using default destination of 1 (file).
Message[305] U:\TPPIC\TP1.X\ADC_UART.ASM 270 : Using default destination of 1 (file).
Message[305] U:\TPPIC\TP1.X\ADC_UART.ASM 275 : Using default destination of 1 (file).
Message[305] U:\TPPIC\TP1.X\ADC_UART.ASM 279 : Using default destination of 1 (file).
Warning[205] U:\TPPIC\TP1.X\ADC_UART.ASM 285 : Found directive in column 1. (end)
