MPASM 5.86                      ADC_UART.ASM   12-18-2025  12:03:27         PAGE  1


LOC  OBJECT CODE     LINE SOURCE TEXT
  VALUE

                      00001 ;       Programme du tutorial TP FIP2
                      00002 ;       
                      00003 
                      00004 
                      00005         list p=16f877
Warning[205]: Found directive in column 1. (include)
                      00006 include "p16f877.inc"
                      00001         LIST
                      00002 
                      00003 ;==========================================================================
                      00004 ; Build date : Oct 24 2019
                      00005 ;  MPASM PIC16F877 processor include
                      00006 ; 
                      00007 ;  (c) Copyright 1999-2019 Microchip Technology, All rights reserved
                      00008 ;==========================================================================
                      00009 
                      00541         LIST
                      00007         
                      00008 ; CONFIG
                      00009 ; __config 0xFF39
2007   3F3A           00010  __CONFIG _FOSC_HS & _WDTE_OFF & _PWRTE_OFF & _CP_OFF & _BOREN_OFF & _LVP_OFF & _CPD_OFF & _WRT_ON
                      00011 
                      00012  
                      00013  
                      00014     org 0x0 ; reset addr
0000   2???           00015         goto jump_start
                      00016         
                      00017 irq org 0x004
                      00018     ; context save
0004   1283 1303      00019         banksel STATUS
0006   00A0           00020         MOVWF   ctx_w
0007   0803           00021         MOVFW   STATUS
0008   00A1           00022         MOVWF   ctx_status
                      00023         ; set uart_tx flag
0009   180C           00024         btfsc   PIR1, TMR1IF    ;test TIMER1 interrupt
000A   2???           00025         goto t1_it
000B   1A8C           00026         btfsc   PIR1, RCIF      ; test UART_RX Interrupt
000C   2???           00027         goto rx_if
000D   2???           00028         goto leave
                      00029         
000E                  00030 t1_it   
000E   0878           00031         movfw   UART_TX_EN
000F   3E01           00032         addlw   d'1'
0010   1C7A           00033         btfss   UART_MODE, 0    ; if mode if pulling don't set tx_enable
0011   00F8           00034         movwf   UART_TX_EN
0012   100C           00035         BCF     PIR1, TMR1IF
0013   2???           00036         goto leave
                      00037         
0014                  00038 rx_if   
0014   081A           00039         movfw   RCREG
0015   00F3           00040         movwf   UART_RX_BUF
0016   1479           00041         BSF     UART_RX_EN, 0
0017   2???           00042         goto leave
MPASM 5.86                      ADC_UART.ASM   12-18-2025  12:03:27         PAGE  2


LOC  OBJECT CODE     LINE SOURCE TEXT
  VALUE

                      00043         
                      00044         
0018                  00045 leave   ; restore context
0018   0821           00046         MOVFW   ctx_status
0019   0083           00047         MOVWF   STATUS
001A   0820           00048         MOVFW   ctx_w
001B   0009           00049         RETFIE
                      00050     
                      00051     
                      00052         org     0x100
                      00053         
0100                  00054 jump_start      
Warning[207]: Found label after column 1. (BCD1)
  00000071            00055         BCD1            equ 0x71
Warning[207]: Found label after column 1. (BCD01)
  00000072            00056         BCD01           equ 0x72
Warning[207]: Found label after column 1. (BCD_TEMP)
  00000074            00057         BCD_TEMP        equ 0x74
                      00058         
Warning[207]: Found label after column 1. (ADC_CON)
  00000075            00059         ADC_CON         equ 0x75
Warning[207]: Found label after column 1. (ADC_TEMP)
  00000076            00060         ADC_TEMP        equ 0x76
                      00061     
Warning[207]: Found label after column 1. (UART_TX_EN)
  00000078            00062         UART_TX_EN      equ 0x78
Warning[207]: Found label after column 1. (UART_RX_EN)
  00000079            00063         UART_RX_EN      equ 0x79
Warning[207]: Found label after column 1. (UART_MODE)
  0000007A            00064         UART_MODE       equ 0x7A    ; 0 -> interupt; 1 -> pulling
Warning[207]: Found label after column 1. (UART_RX_BUF)
  00000073            00065         UART_RX_BUF     equ 0x73
Warning[207]: Found label after column 1. (UART_RX_TMP)
  0000007B            00066         UART_RX_TMP     equ 0x7B
Warning[207]: Found label after column 1. (UART_TX_EN_TMP)
  0000007C            00067         UART_TX_EN_TMP  equ 0x7C
                      00068     
Warning[207]: Found label after column 1. (ctx_w)
  00000020            00069         ctx_w           equ 0x20
Warning[207]: Found label after column 1. (ctx_status)
  00000021            00070         ctx_status      equ 0x21
                      00071                 ; configuration du port B&D en sortie (8LED)
                      00072 
0100   1683 1303      00073         banksel TRISB           ; port B en sortie
Message[302]: Register in operand not in bank 0.  Ensure that bank bits are correct.
0102   0186           00074         clrf    TRISB           
0103   1283 1303      00075         banksel PORTB           ;Clear PORTC
0105   0186           00076         clrf    PORTB   
                      00077         
0106   1683 1303      00078         banksel TRISD           ; port B en sortie
Message[302]: Register in operand not in bank 0.  Ensure that bank bits are correct.
0108   0188           00079         clrf    TRISD           
0109   1283 1303      00080         banksel PORTD           ;Clear PORTC
MPASM 5.86                      ADC_UART.ASM   12-18-2025  12:03:27         PAGE  3


LOC  OBJECT CODE     LINE SOURCE TEXT
  VALUE

010B   0188           00081         clrf    PORTD
                      00082         
                      00083         ; configuration de l'ADC
                      00084         
010C   1683 1303      00085         banksel ADCON1
010E   300E           00086         movlw   B'00001110'     ;Left justify,1 analog channel
Message[302]: Register in operand not in bank 0.  Ensure that bank bits are correct.
010F   009F           00087         movwf   ADCON1          ;VDD and VSS references
                      00088 
0110   1283 1303      00089         banksel ADCON0  
0112   3041           00090         movlw   B'01000001'     ;Fosc/8, A/D enabled
0113   009F           00091         movwf   ADCON0
                      00092         
                      00093         ; USART CONFIG
                      00094         
                      00095         ;---CONFIGURE TXSTA
                      00096         ;
                      00097         ;7- CSRC        0
                      00098         ;6- TX9         0
                      00099         ;5- TXEN        1
                      00100         ;4- SYNC        0
                      00101         ;3- NOT USED    0
                      00102         ;2- BRGH        1
                      00103         ;1- TRMT        0
                      00104         ;0- TX9D        0
0114   1683 1303      00105         banksel TXSTA
0116   3024           00106         MOVLW   B'00100100' 
Message[302]: Register in operand not in bank 0.  Ensure that bank bits are correct.
0117   0098           00107         MOVWF   TXSTA
                      00108 
                      00109         ;---CONFIGURE RCSTA
                      00110         ;
                      00111         ;7- SPEN        1
                      00112         ;6- RX9         0
                      00113         ;5- SREN        0
                      00114         ;4- CREN        1
                      00115         ;3- ADDEN       0
                      00116         ;2- FERR        0
                      00117         ;1- OERR        0
                      00118         ;1- RX9D        0
0118   1283 1303      00119         banksel RCSTA
011A   3090           00120         MOVLW   B'10010000' ;ENABLE SERIAL PORT
011B   0098           00121         MOVWF   RCSTA ;RECEIVE STATUS REG
                      00122         
                      00123         ;---CONFIGURE SPBRG FOR DESIRED BAUD RATE
011C   1683 1303      00124         banksel SPBRG
011E   3032           00125         MOVLW   D'50' ;WE WILL USE 9600bps 
Message[302]: Register in operand not in bank 0.  Ensure that bank bits are correct.
011F   0099           00126         MOVWF   SPBRG ;BAUD AT 8MHZ
                      00127         
                      00128         ; TIMER1 SETUP
0120   1283 1303      00129         banksel T1CON
0122   303D           00130         MOVLW   B'00111101'
MPASM 5.86                      ADC_UART.ASM   12-18-2025  12:03:27         PAGE  4


LOC  OBJECT CODE     LINE SOURCE TEXT
  VALUE

0123   0090           00131         MOVWF   T1CON
                      00132         
                      00133         ;TIMER1 IT SETUP
0124   1283 1303      00134         banksel INTCON
0126   30C0           00135         MOVLW   B'11000000'
0127   008B           00136         MOVWF   INTCON
                      00137         
0128   1683 1303      00138         banksel PIE1
012A   3021           00139         MOVLW   B'00100001'
Message[302]: Register in operand not in bank 0.  Ensure that bank bits are correct.
012B   008C           00140         MOVWF   PIE1
                      00141         
012C   3000           00142         movlw   d'0'
012D   00FB           00143         movwf   UART_RX_TMP
                      00144         
012E   3000           00145         movlw   d'0'
012F   00FC           00146         movwf   UART_TX_EN_TMP
                      00147         
0130   3000           00148         movlw   d'0'
0131   00F8           00149         movwf   UART_TX_EN
                      00150         
                      00151         
                      00152         
                      00153         
                      00154         ; ---main()
0132   2???           00155 loop    call    ADC
0133   2???           00156         call    BCD
0134   2???           00157         call    ACK_RX
0135   2???           00158         call    UART_TX_IT
0136   2???           00159         goto    loop
                      00160         
0137                  00161 ADC:        ; wait unitil ADC convertion is done 
0137   01F2           00162         clrf    BCD01
0138   01F1           00163         clrf    BCD1
0139   01F4           00164         clrf    BCD_TEMP
013A   01F6           00165         clrf    ADC_TEMP
013B   1283 1303      00166         banksel ADCON0
013D   151F           00167 start   bsf     ADCON0,GO       ; demarrage de la conversion
013E   191F           00168 non     BTFSC   ADCON0,GO       ; attendre la fin de conversion
013F   2???           00169         goto    non
0140   0E1E           00170 oui     swapf   ADRESH,W        ; quel est le role de cette instruction ???
0141   0086           00171         movwf   PORTB           ; ecriture sur le port B (affichage sur les LEDs
0142   0E06           00172         swapf   PORTB, W
0143   0088           00173         movwf   PORTD
0144   00F5           00174         movwf   ADC_CON
0145   0008           00175         return                  ; boucler sur la procedure de lecture
                      00176         
                      00177     
0146                  00178 DELAY:                  ;PAS Utilisé
0146   30FF           00179         MOVLW   0xFF
0147   008E           00180         MOVWF   TMR1
                      00181         
0148   300F           00182 D1      MOVLW   0x0F
MPASM 5.86                      ADC_UART.ASM   12-18-2025  12:03:27         PAGE  5


LOC  OBJECT CODE     LINE SOURCE TEXT
  VALUE

0149   0081           00183         MOVWF   TMR0
                      00184         
Message[305]: Using default destination of 1 (file).
014A   0B81           00185 D0      DECFSZ  TMR0
014B   2???           00186         goto    D0
                      00187         
Message[305]: Using default destination of 1 (file).
014C   0B8E           00188         DECFSZ  TMR1
014D   2???           00189         goto    D1      
                      00190         
014E   0008           00191         return
                      00192 
014F                  00193 ACK_RX:
014F   1C79           00194         btfss   UART_RX_EN, 0
0150   0008           00195         return
0151   0873           00196         movfw   UART_RX_BUF
0152   00FB           00197         movwf   UART_RX_TMP
0153   2???           00198         call    UART_TX
0154   300A           00199         movlw   d'10'
0155   2???           00200         call    UART_TX
0156   1079           00201         bcf     UART_RX_EN, 0
0157   2???           00202         call    T_AUTO
0158   2???           00203         call    T_PULL
0159   2???           00204         call    T_REQ
015A   0008           00205         return
                      00206 
                      00207         
                      00208 
                      00209 
015B                  00210 T_AUTO:
015B   3041           00211         movlw   d'65'
Message[305]: Using default destination of 1 (file).
015C   02FB           00212         subwf   UART_RX_TMP
015D   1D03           00213         btfss   STATUS, Z
015E   0008           00214         return
015F   107A           00215         BCF     UART_MODE, 0
                      00216 
                      00217         
0160                  00218 T_PULL:
0160   0873           00219         movfw   UART_RX_BUF
0161   00FB           00220         movwf   UART_RX_TMP
0162   3052           00221         movlw   d'82'
Message[305]: Using default destination of 1 (file).
0163   02FB           00222         subwf   UART_RX_TMP
0164   1D03           00223         btfss   STATUS, Z
0165   0008           00224         return
0166   147A           00225         BSF     UART_MODE, 0
0167   1478           00226         BSF     UART_TX_EN, 0
                      00227 
0168                  00228 T_REQ:
0168   1C7A           00229         btfss   UART_MODE,0
0169   0008           00230             return
016A   0873           00231         movfw   UART_RX_BUF
MPASM 5.86                      ADC_UART.ASM   12-18-2025  12:03:27         PAGE  6


LOC  OBJECT CODE     LINE SOURCE TEXT
  VALUE

016B   00FB           00232         movwf   UART_RX_TMP
016C   3064           00233         movlw   d'100'
Message[305]: Using default destination of 1 (file).
016D   02FB           00234         subwf   UART_RX_TMP
016E   1D03           00235         btfss   STATUS, Z
016F   0008           00236         return
0170   1478           00237         BSF     UART_TX_EN, 0
0171                  00238 UART_TX_IT:
0171   0878           00239         movfw   UART_TX_EN
0172   00FC           00240         movwf   UART_TX_EN_TMP
0173   3033           00241         movlw   '3'
Message[305]: Using default destination of 1 (file).
0174   02FC           00242         subwf   UART_TX_EN_TMP
0175   1D03           00243         BTFSS   STATUS, Z
0176   0008           00244         return
0177   1078           00245         BCF     UART_TX_EN, 0
                      00246         
0178   1283 1303      00247         banksel TXREG
017A   0871           00248         movfw   BCD1
017B   2???           00249         call    UART_TX
017C   302C           00250         movlw   d'44'
017D   2???           00251         call    UART_TX
017E   0872           00252         movfw   BCD01
017F   2???           00253         call    UART_TX
0180   3056           00254         movlw   d'86'
0181   2???           00255         call    UART_TX
0182   300A           00256         movlw   d'10'
0183   2???           00257         call    UART_TX
0184   0008           00258         return
                      00259         
0185                  00260 UART_TX:        ; wait for transmit standby
0185   0000           00261 wait    nop
0186   1283 1303      00262         banksel PIR1
0188   1E0C           00263         BTFSS   PIR1, TXIF
0189   2???           00264         goto wait
018A   0099           00265         MOVWF   TXREG
                      00266         ;call   DELAY
018B   0008           00267         return
                      00268         
018C   0000           00269 BCD:nop ;unité BCD
018D   0875           00270         MOVFW   ADC_CON
018E   00F6           00271         MOVWF   ADC_TEMP
018F                  00272 ret
018F   3005           00273         movlw   d'5'
Message[305]: Using default destination of 1 (file).
0190   02F6           00274         subwf   ADC_TEMP
0191   1803           00275         btfsc   STATUS, C
0192   2???           00276         goto    dec_pp
0193   0871           00277         movfw   BCD1
0194   3E30           00278         addlw   d'48'
0195   00F1           00279         movwf   BCD1
                      00280         
0196   0872           00281         movfw   BCD01
MPASM 5.86                      ADC_UART.ASM   12-18-2025  12:03:27         PAGE  7


LOC  OBJECT CODE     LINE SOURCE TEXT
  VALUE

0197   3E30           00282         addlw   d'48'
0198   00F2           00283         movwf   BCD01
0199   0008           00284         return
                      00285         
                      00286 
Message[305]: Using default destination of 1 (file).
019A   0AF1           00287 unit_pp incf    BCD1
019B   01F2           00288         clrf    BCD01
                      00289         
                      00290     
                      00291 
Message[305]: Using default destination of 1 (file).
019C   0AF2           00292 dec_pp  incf    BCD01
019D   0872           00293         movfw   BCD01
019E   00F4           00294         movwf   BCD_TEMP
019F   300A           00295         movlw   D'10'
Message[305]: Using default destination of 1 (file).
01A0   02F4           00296         subwf   BCD_TEMP
01A1   1903           00297         btfsc   STATUS, Z
01A2   2???           00298         goto    unit_pp
01A3   2???           00299         goto    ret
                      00300         
                      00301 
Warning[205]: Found directive in column 1. (end)
3F3A                  00302 end
MPASM 5.86                      ADC_UART.ASM   12-18-2025  12:03:27         PAGE  8


SYMBOL TABLE
  LABEL                             VALUE 

ACKDT                             00000005
ACKEN                             00000004
ACKSTAT                           00000006
ACK_RX                            0000014F
ADC                               00000137
ADCON0                            0000001F
ADCON1                            0000009F
ADCS0                             00000006
ADCS1                             00000007
ADC_CON                           00000075
ADC_TEMP                          00000076
ADDEN                             00000003
ADFM                              00000007
ADIE                              00000006
ADIF                              00000006
ADON                              00000000
ADRESH                            0000001E
ADRESL                            0000009E
BCD                               0000018C
BCD01                             00000072
BCD1                              00000071
BCD_TEMP                          00000074
BCLIE                             00000003
BCLIF                             00000003
BF                                00000000
BRGH                              00000002
C                                 00000000
CCP1CON                           00000017
CCP1IE                            00000002
CCP1IF                            00000002
CCP1M0                            00000000
CCP1M1                            00000001
CCP1M2                            00000002
CCP1M3                            00000003
CCP1X                             00000005
CCP1Y                             00000004
CCP2CON                           0000001D
CCP2IE                            00000000
CCP2IF                            00000000
CCP2M0                            00000000
CCP2M1                            00000001
CCP2M2                            00000002
CCP2M3                            00000003
CCP2X                             00000005
CCP2Y                             00000004
CCPR1                             00000015
CCPR1H                            00000016
CCPR1L                            00000015
CCPR2                             0000001B
CCPR2H                            0000001C
CCPR2L                            0000001B
CHS0                              00000003
CHS1                              00000004
MPASM 5.86                      ADC_UART.ASM   12-18-2025  12:03:27         PAGE  9


SYMBOL TABLE
  LABEL                             VALUE 

CHS2                              00000005
CKE                               00000006
CKP                               00000004
CREN                              00000004
CSRC                              00000007
D                                 00000005
D0                                0000014A
D1                                00000148
DATA_ADDRESS                      00000005
DC                                00000001
DELAY                             00000146
D_A                               00000005
D_NOT_A                           00000005
EEADR                             0000010D
EEADRH                            0000010F
EECON1                            0000018C
EECON2                            0000018D
EEDATA                            0000010C
EEDATH                            0000010E
EEIE                              00000004
EEIF                              00000004
EEPGD                             00000007
F                                 00000001
FERR                              00000002
FSR                               00000004
GCEN                              00000007
GIE                               00000007
GO                                00000002
GO_DONE                           00000002
GO_NOT_DONE                       00000002
I2C_DATA                          00000005
I2C_READ                          00000002
I2C_START                         00000003
I2C_STOP                          00000004
IBF                               00000007
IBOV                              00000005
INDF                              00000000
INTCON                            0000000B
INTE                              00000004
INTEDG                            00000006
INTF                              00000001
IRP                               00000007
NOT_A                             00000005
NOT_ADDRESS                       00000005
NOT_BO                            00000000
NOT_BOR                           00000000
NOT_DONE                          00000002
NOT_PD                            00000003
NOT_POR                           00000001
NOT_RBPU                          00000007
NOT_RC8                           00000006
NOT_T1SYNC                        00000002
NOT_TO                            00000004
MPASM 5.86                      ADC_UART.ASM   12-18-2025  12:03:27         PAGE 10


SYMBOL TABLE
  LABEL                             VALUE 

NOT_TX8                           00000006
NOT_W                             00000002
NOT_WRITE                         00000002
OBF                               00000006
OERR                              00000001
OPTION_REG                        00000081
P                                 00000004
PCFG0                             00000000
PCFG1                             00000001
PCFG2                             00000002
PCFG3                             00000003
PCL                               00000002
PCLATH                            0000000A
PCON                              0000008E
PEIE                              00000006
PEN                               00000002
PIE1                              0000008C
PIE2                              0000008D
PIR1                              0000000C
PIR2                              0000000D
PORTA                             00000005
PORTB                             00000006
PORTC                             00000007
PORTD                             00000008
PORTE                             00000009
PR2                               00000092
PS0                               00000000
PS1                               00000001
PS2                               00000002
PSA                               00000003
PSPIE                             00000007
PSPIF                             00000007
PSPMODE                           00000004
R                                 00000002
RA0                               00000000
RA1                               00000001
RA2                               00000002
RA3                               00000003
RA4                               00000004
RA5                               00000005
RB0                               00000000
RB1                               00000001
RB2                               00000002
RB3                               00000003
RB4                               00000004
RB5                               00000005
RB6                               00000006
RB7                               00000007
RBIE                              00000003
RBIF                              00000000
RC0                               00000000
RC1                               00000001
RC2                               00000002
MPASM 5.86                      ADC_UART.ASM   12-18-2025  12:03:27         PAGE 11


SYMBOL TABLE
  LABEL                             VALUE 

RC3                               00000003
RC4                               00000004
RC5                               00000005
RC6                               00000006
RC7                               00000007
RC8_9                             00000006
RC9                               00000006
RCD8                              00000000
RCEN                              00000003
RCIE                              00000005
RCIF                              00000005
RCREG                             0000001A
RCSTA                             00000018
RD                                00000000
RD0                               00000000
RD1                               00000001
RD2                               00000002
RD3                               00000003
RD4                               00000004
RD5                               00000005
RD6                               00000006
RD7                               00000007
RE0                               00000000
RE1                               00000001
RE2                               00000002
READ_WRITE                        00000002
RP0                               00000005
RP1                               00000006
RSEN                              00000001
RX9                               00000006
RX9D                              00000000
R_NOT_W                           00000002
R_W                               00000002
S                                 00000003
SEN                               00000000
SMP                               00000007
SPBRG                             00000099
SPEN                              00000007
SREN                              00000005
SSPADD                            00000093
SSPBUF                            00000013
SSPCON                            00000014
SSPCON2                           00000091
SSPEN                             00000005
SSPIE                             00000003
SSPIF                             00000003
SSPM0                             00000000
SSPM1                             00000001
SSPM2                             00000002
SSPM3                             00000003
SSPOV                             00000006
SSPSTAT                           00000094
STATUS                            00000003
MPASM 5.86                      ADC_UART.ASM   12-18-2025  12:03:27         PAGE 12


SYMBOL TABLE
  LABEL                             VALUE 

SYNC                              00000004
T0CS                              00000005
T0IE                              00000005
T0IF                              00000002
T0SE                              00000004
T1CKPS0                           00000004
T1CKPS1                           00000005
T1CON                             00000010
T1INSYNC                          00000002
T1OSCEN                           00000003
T1SYNC                            00000002
T2CKPS0                           00000000
T2CKPS1                           00000001
T2CON                             00000012
TMR0                              00000001
TMR0IE                            00000005
TMR0IF                            00000002
TMR1                              0000000E
TMR1CS                            00000001
TMR1H                             0000000F
TMR1IE                            00000000
TMR1IF                            00000000
TMR1L                             0000000E
TMR1ON                            00000000
TMR2                              00000011
TMR2IE                            00000001
TMR2IF                            00000001
TMR2ON                            00000002
TOUTPS0                           00000003
TOUTPS1                           00000004
TOUTPS2                           00000005
TOUTPS3                           00000006
TRISA                             00000085
TRISA0                            00000000
TRISA1                            00000001
TRISA2                            00000002
TRISA3                            00000003
TRISA4                            00000004
TRISA5                            00000005
TRISB                             00000086
TRISB0                            00000000
TRISB1                            00000001
TRISB2                            00000002
TRISB3                            00000003
TRISB4                            00000004
TRISB5                            00000005
TRISB6                            00000006
TRISB7                            00000007
TRISC                             00000087
TRISC0                            00000000
TRISC1                            00000001
TRISC2                            00000002
TRISC3                            00000003
MPASM 5.86                      ADC_UART.ASM   12-18-2025  12:03:27         PAGE 13


SYMBOL TABLE
  LABEL                             VALUE 

TRISC4                            00000004
TRISC5                            00000005
TRISC6                            00000006
TRISC7                            00000007
TRISD                             00000088
TRISD0                            00000000
TRISD1                            00000001
TRISD2                            00000002
TRISD3                            00000003
TRISD4                            00000004
TRISD5                            00000005
TRISD6                            00000006
TRISD7                            00000007
TRISE                             00000089
TRISE0                            00000000
TRISE1                            00000001
TRISE2                            00000002
TRMT                              00000001
TX8_9                             00000006
TX9                               00000006
TX9D                              00000000
TXD8                              00000000
TXEN                              00000005
TXIE                              00000004
TXIF                              00000004
TXREG                             00000019
TXSTA                             00000098
T_AUTO                            0000015B
T_PULL                            00000160
T_REQ                             00000168
UA                                00000001
UART_MODE                         0000007A
UART_RX_BUF                       00000073
UART_RX_EN                        00000079
UART_RX_TMP                       0000007B
UART_TX                           00000185
UART_TX_EN                        00000078
UART_TX_EN_TMP                    0000007C
UART_TX_IT                        00000171
W                                 00000000
WCOL                              00000007
WR                                00000001
WREN                              00000002
WRERR                             00000003
Z                                 00000002
_BODEN_OFF                        00003FBF
_BODEN_ON                         00003FFF
_BOREN_OFF                        00003FBF
_BOREN_ON                         00003FFF
_CONFIG                           00002007
_CPD_OFF                          00003FFF
_CPD_ON                           00003EFF
_CP_ALL                           00000FCF
MPASM 5.86                      ADC_UART.ASM   12-18-2025  12:03:27         PAGE 14


SYMBOL TABLE
  LABEL                             VALUE 

_CP_HALF                          00001FDF
_CP_OFF                           00003FFF
_CP_UPPER_256                     00002FEF
_DEBUG_OFF                        00003FFF
_DEBUG_ON                         000037FF
_DEVID1                           00002006
_FOSC_EXTRC                       00003FFF
_FOSC_HS                          00003FFE
_FOSC_LP                          00003FFC
_FOSC_XT                          00003FFD
_HS_OSC                           00003FFE
_IDLOC0                           00002000
_IDLOC1                           00002001
_IDLOC2                           00002002
_IDLOC3                           00002003
_LP_OSC                           00003FFC
_LVP_OFF                          00003F7F
_LVP_ON                           00003FFF
_PWRTE_OFF                        00003FFF
_PWRTE_ON                         00003FF7
_RC_OSC                           00003FFF
_WDTE_OFF                         00003FFB
_WDTE_ON                          00003FFF
_WDT_OFF                          00003FFB
_WDT_ON                           00003FFF
_WRT_ENABLE_OFF                   00003DFF
_WRT_ENABLE_ON                    00003FFF
_WRT_OFF                          00003DFF
_WRT_ON                           00003FFF
_XT_OSC                           00003FFD
__16F877                          00000001
ctx_status                        00000021
ctx_w                             00000020
dec_pp                            0000019C
irq                               00000004
jump_start                        00000100
leave                             00000018
loop                              00000132
non                               0000013E
oui                               00000140
ret                               0000018F
rx_if                             00000014
start                             0000013D
t1_it                             0000000E
unit_pp                           0000019A
wait                              00000185

Errors   :     0
Warnings :    15 reported,     0 suppressed
Messages :    16 reported,     0 suppressed

